21:56:55 0.06 0.14 0.08 952176 4990000 7824700 20578888
21:57:00 0.06 0.13 0.08 951924 4990000 7824696 20578888
21:57:05 0.05 0.13 0.08 951672 4990000 7824696 20578888
21:57:10 0.05 0.13 0.08 951924 4990000 7824696 20578888
21:57:16 0.04 0.13 0.08 951672 4990000 7824696 20578888
21:57:21 0.04 0.12 0.08 951172 4990000 7824696 20578888
21:57:26 0.12 0.14 0.08 950920 4990000 7824696 20578888
21:57:31 0.11 0.14 0.08 950920 4990000 7824696 20578888
21:57:36 0.10 0.13 0.08 951172 4990000 7824696 20578888
21:57:41 0.09 0.13 0.08 951172 4990000 7824696 20578888
21:57:46 0.08 0.13 0.08 951172 4990000 7824696 20578888
21:57:51 0.22 0.16 0.09 951172 4990000 7824696 20578888
21:57:56 0.20 0.15 0.09 951124 4990000 7824696 20578888
21:58:01 0.18 0.15 0.09 951128 4990000 7824696 20578888
21:58:06 0.17 0.15 0.09 950928 4990000 7824696 20578888
21:58:11 0.40 0.20 0.11 950928 4990000 7824696 20578888
21:58:16 0.36 0.19 0.10 950928 4990000 7824696 20578888
21:58:21 0.33 0.19 0.10 950676 4990000 7824696 20578888
21:58:26 0.31 0.19 0.10 950680 4990000 7824696 20578888
21:58:31 0.28 0.18 0.10 950680 4990000 7824696 20578888
21:58:36 0.26 0.18 0.10 950632 4990000 7824696 20578888
21:58:41 0.24 0.18 0.10 950888 4990000 7824696 20578888
21:58:47 0.22 0.17 0.10 950944 4990000 7824696 20578888
21:58:52 0.20 0.17 0.10 950944 4990000 7824696 20578888
21:58:57 0.18 0.17 0.10 950944 4990000 7824696 20578888
21:59:02 0.17 0.16 0.10 950944 4990000 7824696 20578888
21:59:07 0.16 0.16 0.09 950944 4990000 7824696 20578888
21:59:12 0.14 0.16 0.09 950944 4990000 7824696 20578888
21:59:17 0.13 0.15 0.09 951196 4990000 7824696 20578888
21:59:22 0.12 0.15 0.09 951196 4990000 7824696 20578888
21:59:27 0.11 0.15 0.09 950944 4990000 7824696 20578888
21:59:32 0.10 0.15 0.09 950944 4990000 7824696 20578888
21:59:37 0.09 0.14 0.09 950444 4990000 7824696 20578888
21:59:42 0.09 0.14 0.09 950192 4990000 7824696 20578888
21:59:47 0.08 0.14 0.09 950192 4990000 7824696 20578888
21:59:52 0.07 0.14 0.09 949940 4990000 7824696 20578888
21:59:57 0.07 0.13 0.09 949940 4990000 7824696 20578888
22:00:02 0.06 0.13 0.09 949688 4990000 7824696 20578888
22:00:07 0.06 0.13 0.09 949436 4990000 7824696 20578888
22:00:13 0.05 0.13 0.09 949436 4990000 7824696 20578888
22:00:18 0.05 0.12 0.09 949184 4990000 7824696 20578888
22:00:23 0.04 0.12 0.09 948936 4990000 7824696 20578888
22:00:28 0.04 0.12 0.08 948684 4990000 7824696 20578888
22:00:33 0.04 0.12 0.08 948684 4990000 7824696 20578888
22:00:38 0.03 0.11 0.08 948684 4990000 7824696 20578888
22:00:43 0.03 0.11 0.08 948432 4990000 7824696 20578888
22:00:48 0.03 0.11 0.08 948432 4990000 7824696 20578888
22:00:53 0.02 0.11 0.08 948432 4990000 7824696 20578888
22:00:58 0.02 0.11 0.08 948180 4990000 7824696 20578888
22:01:03 0.02 0.10 0.08 948432 4990000 7824696 20578888
22:01:08 0.02 0.10 0.08 948684 4990000 7824696 20578888
22:01:13 0.02 0.10 0.08 948684 4990000 7824696 20578888
22:01:18 0.10 0.12 0.09 949140 4990000 7824696 20578888
22:01:23 0.09 0.11 0.09 949192 4990000 7824696 20578888
22:01:28 0.08 0.11 0.08 949192 4990000 7824696 20578888
22:01:33 0.07 0.11 0.08 948184 4990000 7824664 20578888
22:01:39 0.07 0.11 0.08 948636 4990000 7824664 20578888
22:01:44 0.06 0.11 0.08 948888 4990000 7824664 20578888
22:01:49 0.14 0.12 0.09 948944 4990000 7824664 20578888
22:01:54 0.13 0.12 0.09 949452 4990000 7824664 20578888
22:01:59 0.12 0.12 0.09 949708 4990000 7824664 20578888
22:02:04 0.11 0.11 0.09 949708 4990000 7824664 20578888
22:02:09 0.10 0.11 0.09 949708 4990000 7824664 20578888
